<?xml version="1.0" encoding="UTF-8"?>
<testsuite xmlns:xsi="http://www.w3.org/2001/XMLSchema-instance" xsi:noNamespaceSchemaLocation="https://maven.apache.org/surefire/maven-surefire-plugin/xsd/surefire-test-report.xsd" name="com.atguigu.test.JwtTest" time="13.568" tests="1" errors="0" skipped="0" failures="0">
  <properties>
    <property name="java.specification.version" value="17"/>
    <property name="sun.cpu.isalist" value="amd64"/>
    <property name="sun.jnu.encoding" value="GBK"/>
    <property name="java.class.path" value="D:\idea_project\springboot-headline-part\target\test-classes;D:\idea_project\springboot-headline-part\target\classes;D:\repository\org\springframework\boot\spring-boot-starter-web\3.0.5\spring-boot-starter-web-3.0.5.jar;D:\repository\org\springframework\boot\spring-boot-starter\3.0.5\spring-boot-starter-3.0.5.jar;D:\repository\org\springframework\boot\spring-boot\3.0.5\spring-boot-3.0.5.jar;D:\repository\org\springframework\boot\spring-boot-starter-logging\3.0.5\spring-boot-starter-logging-3.0.5.jar;D:\repository\ch\qos\logback\logback-classic\1.4.6\logback-classic-1.4.6.jar;D:\repository\ch\qos\logback\logback-core\1.4.6\logback-core-1.4.6.jar;D:\repository\org\apache\logging\log4j\log4j-to-slf4j\2.19.0\log4j-to-slf4j-2.19.0.jar;D:\repository\org\apache\logging\log4j\log4j-api\2.19.0\log4j-api-2.19.0.jar;D:\repository\org\slf4j\jul-to-slf4j\2.0.7\jul-to-slf4j-2.0.7.jar;D:\repository\jakarta\annotation\jakarta.annotation-api\2.1.1\jakarta.annotation-api-2.1.1.jar;D:\repository\org\yaml\snakeyaml\1.33\snakeyaml-1.33.jar;D:\repository\org\springframework\boot\spring-boot-starter-json\3.0.5\spring-boot-starter-json-3.0.5.jar;D:\repository\com\fasterxml\jackson\datatype\jackson-datatype-jdk8\2.14.2\jackson-datatype-jdk8-2.14.2.jar;D:\repository\com\fasterxml\jackson\datatype\jackson-datatype-jsr310\2.14.2\jackson-datatype-jsr310-2.14.2.jar;D:\repository\com\fasterxml\jackson\module\jackson-module-parameter-names\2.14.2\jackson-module-parameter-names-2.14.2.jar;D:\repository\org\springframework\boot\spring-boot-starter-tomcat\3.0.5\spring-boot-starter-tomcat-3.0.5.jar;D:\repository\org\apache\tomcat\embed\tomcat-embed-core\10.1.7\tomcat-embed-core-10.1.7.jar;D:\repository\org\apache\tomcat\embed\tomcat-embed-el\10.1.7\tomcat-embed-el-10.1.7.jar;D:\repository\org\apache\tomcat\embed\tomcat-embed-websocket\10.1.7\tomcat-embed-websocket-10.1.7.jar;D:\repository\org\springframework\spring-web\6.0.7\spring-web-6.0.7.jar;D:\repository\org\springframework\spring-beans\6.0.7\spring-beans-6.0.7.jar;D:\repository\io\micrometer\micrometer-observation\1.10.5\micrometer-observation-1.10.5.jar;D:\repository\io\micrometer\micrometer-commons\1.10.5\micrometer-commons-1.10.5.jar;D:\repository\org\springframework\spring-webmvc\6.0.7\spring-webmvc-6.0.7.jar;D:\repository\org\springframework\spring-context\6.0.7\spring-context-6.0.7.jar;D:\repository\org\springframework\spring-expression\6.0.7\spring-expression-6.0.7.jar;D:\repository\com\baomidou\mybatis-plus-boot-starter\3.5.3.1\mybatis-plus-boot-starter-3.5.3.1.jar;D:\repository\com\baomidou\mybatis-plus\3.5.3.1\mybatis-plus-3.5.3.1.jar;D:\repository\com\baomidou\mybatis-plus-extension\3.5.3.1\mybatis-plus-extension-3.5.3.1.jar;D:\repository\com\baomidou\mybatis-plus-core\3.5.3.1\mybatis-plus-core-3.5.3.1.jar;D:\repository\com\baomidou\mybatis-plus-annotation\3.5.3.1\mybatis-plus-annotation-3.5.3.1.jar;D:\repository\com\github\jsqlparser\jsqlparser\4.4\jsqlparser-4.4.jar;D:\repository\org\mybatis\mybatis\3.5.10\mybatis-3.5.10.jar;D:\repository\org\mybatis\mybatis-spring\2.0.7\mybatis-spring-2.0.7.jar;D:\repository\org\springframework\boot\spring-boot-autoconfigure\3.0.5\spring-boot-autoconfigure-3.0.5.jar;D:\repository\org\springframework\boot\spring-boot-starter-jdbc\3.0.5\spring-boot-starter-jdbc-3.0.5.jar;D:\repository\com\zaxxer\HikariCP\5.0.1\HikariCP-5.0.1.jar;D:\repository\org\springframework\spring-jdbc\6.0.7\spring-jdbc-6.0.7.jar;D:\repository\org\springframework\spring-tx\6.0.7\spring-tx-6.0.7.jar;D:\repository\com\alibaba\druid-spring-boot-3-starter\1.2.18\druid-spring-boot-3-starter-1.2.18.jar;D:\repository\com\alibaba\druid\1.2.18\druid-1.2.18.jar;D:\repository\org\slf4j\slf4j-api\2.0.7\slf4j-api-2.0.7.jar;D:\repository\mysql\mysql-connector-java\8.0.28\mysql-connector-java-8.0.28.jar;D:\repository\com\google\protobuf\protobuf-java\3.11.4\protobuf-java-3.11.4.jar;D:\repository\org\projectlombok\lombok\1.18.28\lombok-1.18.28.jar;D:\repository\org\springframework\boot\spring-boot-starter-aop\3.0.5\spring-boot-starter-aop-3.0.5.jar;D:\repository\org\springframework\spring-aop\6.0.7\spring-aop-6.0.7.jar;D:\repository\org\aspectj\aspectjweaver\1.9.19\aspectjweaver-1.9.19.jar;D:\repository\org\springframework\boot\spring-boot-starter-test\3.0.5\spring-boot-starter-test-3.0.5.jar;D:\repository\org\springframework\boot\spring-boot-test\3.0.5\spring-boot-test-3.0.5.jar;D:\repository\org\springframework\boot\spring-boot-test-autoconfigure\3.0.5\spring-boot-test-autoconfigure-3.0.5.jar;D:\repository\com\jayway\jsonpath\json-path\2.7.0\json-path-2.7.0.jar;D:\repository\net\minidev\json-smart\2.4.10\json-smart-2.4.10.jar;D:\repository\net\minidev\accessors-smart\2.4.9\accessors-smart-2.4.9.jar;D:\repository\org\ow2\asm\asm\9.3\asm-9.3.jar;D:\repository\jakarta\xml\bind\jakarta.xml.bind-api\4.0.0\jakarta.xml.bind-api-4.0.0.jar;D:\repository\jakarta\activation\jakarta.activation-api\2.1.1\jakarta.activation-api-2.1.1.jar;D:\repository\org\assertj\assertj-core\3.23.1\assertj-core-3.23.1.jar;D:\repository\net\bytebuddy\byte-buddy\1.12.23\byte-buddy-1.12.23.jar;D:\repository\org\hamcrest\hamcrest\2.2\hamcrest-2.2.jar;D:\repository\org\junit\jupiter\junit-jupiter\5.9.2\junit-jupiter-5.9.2.jar;D:\repository\org\junit\jupiter\junit-jupiter-api\5.9.2\junit-jupiter-api-5.9.2.jar;D:\repository\org\opentest4j\opentest4j\1.2.0\opentest4j-1.2.0.jar;D:\repository\org\junit\platform\junit-platform-commons\1.9.2\junit-platform-commons-1.9.2.jar;D:\repository\org\apiguardian\apiguardian-api\1.1.2\apiguardian-api-1.1.2.jar;D:\repository\org\junit\jupiter\junit-jupiter-params\5.9.2\junit-jupiter-params-5.9.2.jar;D:\repository\org\junit\jupiter\junit-jupiter-engine\5.9.2\junit-jupiter-engine-5.9.2.jar;D:\repository\org\junit\platform\junit-platform-engine\1.9.2\junit-platform-engine-1.9.2.jar;D:\repository\org\mockito\mockito-core\4.8.1\mockito-core-4.8.1.jar;D:\repository\net\bytebuddy\byte-buddy-agent\1.12.23\byte-buddy-agent-1.12.23.jar;D:\repository\org\objenesis\objenesis\3.2\objenesis-3.2.jar;D:\repository\org\mockito\mockito-junit-jupiter\4.8.1\mockito-junit-jupiter-4.8.1.jar;D:\repository\org\skyscreamer\jsonassert\1.5.1\jsonassert-1.5.1.jar;D:\repository\com\vaadin\external\google\android-json\0.0.20131108.vaadin1\android-json-0.0.20131108.vaadin1.jar;D:\repository\org\springframework\spring-core\6.0.7\spring-core-6.0.7.jar;D:\repository\org\springframework\spring-jcl\6.0.7\spring-jcl-6.0.7.jar;D:\repository\org\springframework\spring-test\6.0.7\spring-test-6.0.7.jar;D:\repository\org\xmlunit\xmlunit-core\2.9.1\xmlunit-core-2.9.1.jar;D:\repository\io\jsonwebtoken\jjwt\0.9.1\jjwt-0.9.1.jar;D:\repository\com\fasterxml\jackson\core\jackson-databind\2.14.2\jackson-databind-2.14.2.jar;D:\repository\com\fasterxml\jackson\core\jackson-annotations\2.14.2\jackson-annotations-2.14.2.jar;D:\repository\com\fasterxml\jackson\core\jackson-core\2.14.2\jackson-core-2.14.2.jar;D:\repository\javax\xml\bind\jaxb-api\2.3.0\jaxb-api-2.3.0.jar;"/>
    <property name="java.vm.vendor" value="Amazon.com Inc."/>
    <property name="sun.arch.data.model" value="64"/>
    <property name="user.variant" value=""/>
    <property name="java.vendor.url" value="https://aws.amazon.com/corretto/"/>
    <property name="user.timezone" value="Asia/Shanghai"/>
    <property name="os.name" value="Windows 11"/>
    <property name="java.vm.specification.version" value="17"/>
    <property name="sun.java.launcher" value="SUN_STANDARD"/>
    <property name="user.country" value="CN"/>
    <property name="sun.boot.library.path" value="C:\Users\HONOR\.jdks\corretto-17.0.9\bin"/>
    <property name="sun.java.command" value="C:\Users\HONOR\AppData\Local\Temp\surefire1758505010016349785\surefirebooter18049687173395144730.jar C:\Users\HONOR\AppData\Local\Temp\surefire1758505010016349785 2024-01-09T12-47-02_690-jvmRun1 surefire756329601839946157tmp surefire_010378151244813414396tmp"/>
    <property name="jdk.debug" value="release"/>
    <property name="surefire.test.class.path" value="D:\idea_project\springboot-headline-part\target\test-classes;D:\idea_project\springboot-headline-part\target\classes;D:\repository\org\springframework\boot\spring-boot-starter-web\3.0.5\spring-boot-starter-web-3.0.5.jar;D:\repository\org\springframework\boot\spring-boot-starter\3.0.5\spring-boot-starter-3.0.5.jar;D:\repository\org\springframework\boot\spring-boot\3.0.5\spring-boot-3.0.5.jar;D:\repository\org\springframework\boot\spring-boot-starter-logging\3.0.5\spring-boot-starter-logging-3.0.5.jar;D:\repository\ch\qos\logback\logback-classic\1.4.6\logback-classic-1.4.6.jar;D:\repository\ch\qos\logback\logback-core\1.4.6\logback-core-1.4.6.jar;D:\repository\org\apache\logging\log4j\log4j-to-slf4j\2.19.0\log4j-to-slf4j-2.19.0.jar;D:\repository\org\apache\logging\log4j\log4j-api\2.19.0\log4j-api-2.19.0.jar;D:\repository\org\slf4j\jul-to-slf4j\2.0.7\jul-to-slf4j-2.0.7.jar;D:\repository\jakarta\annotation\jakarta.annotation-api\2.1.1\jakarta.annotation-api-2.1.1.jar;D:\repository\org\yaml\snakeyaml\1.33\snakeyaml-1.33.jar;D:\repository\org\springframework\boot\spring-boot-starter-json\3.0.5\spring-boot-starter-json-3.0.5.jar;D:\repository\com\fasterxml\jackson\datatype\jackson-datatype-jdk8\2.14.2\jackson-datatype-jdk8-2.14.2.jar;D:\repository\com\fasterxml\jackson\datatype\jackson-datatype-jsr310\2.14.2\jackson-datatype-jsr310-2.14.2.jar;D:\repository\com\fasterxml\jackson\module\jackson-module-parameter-names\2.14.2\jackson-module-parameter-names-2.14.2.jar;D:\repository\org\springframework\boot\spring-boot-starter-tomcat\3.0.5\spring-boot-starter-tomcat-3.0.5.jar;D:\repository\org\apache\tomcat\embed\tomcat-embed-core\10.1.7\tomcat-embed-core-10.1.7.jar;D:\repository\org\apache\tomcat\embed\tomcat-embed-el\10.1.7\tomcat-embed-el-10.1.7.jar;D:\repository\org\apache\tomcat\embed\tomcat-embed-websocket\10.1.7\tomcat-embed-websocket-10.1.7.jar;D:\repository\org\springframework\spring-web\6.0.7\spring-web-6.0.7.jar;D:\repository\org\springframework\spring-beans\6.0.7\spring-beans-6.0.7.jar;D:\repository\io\micrometer\micrometer-observation\1.10.5\micrometer-observation-1.10.5.jar;D:\repository\io\micrometer\micrometer-commons\1.10.5\micrometer-commons-1.10.5.jar;D:\repository\org\springframework\spring-webmvc\6.0.7\spring-webmvc-6.0.7.jar;D:\repository\org\springframework\spring-context\6.0.7\spring-context-6.0.7.jar;D:\repository\org\springframework\spring-expression\6.0.7\spring-expression-6.0.7.jar;D:\repository\com\baomidou\mybatis-plus-boot-starter\3.5.3.1\mybatis-plus-boot-starter-3.5.3.1.jar;D:\repository\com\baomidou\mybatis-plus\3.5.3.1\mybatis-plus-3.5.3.1.jar;D:\repository\com\baomidou\mybatis-plus-extension\3.5.3.1\mybatis-plus-extension-3.5.3.1.jar;D:\repository\com\baomidou\mybatis-plus-core\3.5.3.1\mybatis-plus-core-3.5.3.1.jar;D:\repository\com\baomidou\mybatis-plus-annotation\3.5.3.1\mybatis-plus-annotation-3.5.3.1.jar;D:\repository\com\github\jsqlparser\jsqlparser\4.4\jsqlparser-4.4.jar;D:\repository\org\mybatis\mybatis\3.5.10\mybatis-3.5.10.jar;D:\repository\org\mybatis\mybatis-spring\2.0.7\mybatis-spring-2.0.7.jar;D:\repository\org\springframework\boot\spring-boot-autoconfigure\3.0.5\spring-boot-autoconfigure-3.0.5.jar;D:\repository\org\springframework\boot\spring-boot-starter-jdbc\3.0.5\spring-boot-starter-jdbc-3.0.5.jar;D:\repository\com\zaxxer\HikariCP\5.0.1\HikariCP-5.0.1.jar;D:\repository\org\springframework\spring-jdbc\6.0.7\spring-jdbc-6.0.7.jar;D:\repository\org\springframework\spring-tx\6.0.7\spring-tx-6.0.7.jar;D:\repository\com\alibaba\druid-spring-boot-3-starter\1.2.18\druid-spring-boot-3-starter-1.2.18.jar;D:\repository\com\alibaba\druid\1.2.18\druid-1.2.18.jar;D:\repository\org\slf4j\slf4j-api\2.0.7\slf4j-api-2.0.7.jar;D:\repository\mysql\mysql-connector-java\8.0.28\mysql-connector-java-8.0.28.jar;D:\repository\com\google\protobuf\protobuf-java\3.11.4\protobuf-java-3.11.4.jar;D:\repository\org\projectlombok\lombok\1.18.28\lombok-1.18.28.jar;D:\repository\org\springframework\boot\spring-boot-starter-aop\3.0.5\spring-boot-starter-aop-3.0.5.jar;D:\repository\org\springframework\spring-aop\6.0.7\spring-aop-6.0.7.jar;D:\repository\org\aspectj\aspectjweaver\1.9.19\aspectjweaver-1.9.19.jar;D:\repository\org\springframework\boot\spring-boot-starter-test\3.0.5\spring-boot-starter-test-3.0.5.jar;D:\repository\org\springframework\boot\spring-boot-test\3.0.5\spring-boot-test-3.0.5.jar;D:\repository\org\springframework\boot\spring-boot-test-autoconfigure\3.0.5\spring-boot-test-autoconfigure-3.0.5.jar;D:\repository\com\jayway\jsonpath\json-path\2.7.0\json-path-2.7.0.jar;D:\repository\net\minidev\json-smart\2.4.10\json-smart-2.4.10.jar;D:\repository\net\minidev\accessors-smart\2.4.9\accessors-smart-2.4.9.jar;D:\repository\org\ow2\asm\asm\9.3\asm-9.3.jar;D:\repository\jakarta\xml\bind\jakarta.xml.bind-api\4.0.0\jakarta.xml.bind-api-4.0.0.jar;D:\repository\jakarta\activation\jakarta.activation-api\2.1.1\jakarta.activation-api-2.1.1.jar;D:\repository\org\assertj\assertj-core\3.23.1\assertj-core-3.23.1.jar;D:\repository\net\bytebuddy\byte-buddy\1.12.23\byte-buddy-1.12.23.jar;D:\repository\org\hamcrest\hamcrest\2.2\hamcrest-2.2.jar;D:\repository\org\junit\jupiter\junit-jupiter\5.9.2\junit-jupiter-5.9.2.jar;D:\repository\org\junit\jupiter\junit-jupiter-api\5.9.2\junit-jupiter-api-5.9.2.jar;D:\repository\org\opentest4j\opentest4j\1.2.0\opentest4j-1.2.0.jar;D:\repository\org\junit\platform\junit-platform-commons\1.9.2\junit-platform-commons-1.9.2.jar;D:\repository\org\apiguardian\apiguardian-api\1.1.2\apiguardian-api-1.1.2.jar;D:\repository\org\junit\jupiter\junit-jupiter-params\5.9.2\junit-jupiter-params-5.9.2.jar;D:\repository\org\junit\jupiter\junit-jupiter-engine\5.9.2\junit-jupiter-engine-5.9.2.jar;D:\repository\org\junit\platform\junit-platform-engine\1.9.2\junit-platform-engine-1.9.2.jar;D:\repository\org\mockito\mockito-core\4.8.1\mockito-core-4.8.1.jar;D:\repository\net\bytebuddy\byte-buddy-agent\1.12.23\byte-buddy-agent-1.12.23.jar;D:\repository\org\objenesis\objenesis\3.2\objenesis-3.2.jar;D:\repository\org\mockito\mockito-junit-jupiter\4.8.1\mockito-junit-jupiter-4.8.1.jar;D:\repository\org\skyscreamer\jsonassert\1.5.1\jsonassert-1.5.1.jar;D:\repository\com\vaadin\external\google\android-json\0.0.20131108.vaadin1\android-json-0.0.20131108.vaadin1.jar;D:\repository\org\springframework\spring-core\6.0.7\spring-core-6.0.7.jar;D:\repository\org\springframework\spring-jcl\6.0.7\spring-jcl-6.0.7.jar;D:\repository\org\springframework\spring-test\6.0.7\spring-test-6.0.7.jar;D:\repository\org\xmlunit\xmlunit-core\2.9.1\xmlunit-core-2.9.1.jar;D:\repository\io\jsonwebtoken\jjwt\0.9.1\jjwt-0.9.1.jar;D:\repository\com\fasterxml\jackson\core\jackson-databind\2.14.2\jackson-databind-2.14.2.jar;D:\repository\com\fasterxml\jackson\core\jackson-annotations\2.14.2\jackson-annotations-2.14.2.jar;D:\repository\com\fasterxml\jackson\core\jackson-core\2.14.2\jackson-core-2.14.2.jar;D:\repository\javax\xml\bind\jaxb-api\2.3.0\jaxb-api-2.3.0.jar;"/>
    <property name="sun.cpu.endian" value="little"/>
    <property name="user.home" value="C:\Users\HONOR"/>
    <property name="user.language" value="zh"/>
    <property name="java.specification.vendor" value="Oracle Corporation"/>
    <property name="java.version.date" value="2023-10-17"/>
    <property name="java.home" value="C:\Users\HONOR\.jdks\corretto-17.0.9"/>
    <property name="file.separator" value="\"/>
    <property name="basedir" value="D:\idea_project\springboot-headline-part"/>
    <property name="java.vm.compressedOopsMode" value="Zero based"/>
    <property name="line.separator" value="&#10;"/>
    <property name="java.vm.specification.vendor" value="Oracle Corporation"/>
    <property name="java.specification.name" value="Java Platform API Specification"/>
    <property name="surefire.real.class.path" value="C:\Users\HONOR\AppData\Local\Temp\surefire1758505010016349785\surefirebooter18049687173395144730.jar"/>
    <property name="user.script" value=""/>
    <property name="sun.management.compiler" value="HotSpot 64-Bit Tiered Compilers"/>
    <property name="java.runtime.version" value="17.0.9+8-LTS"/>
    <property name="user.name" value="HONOR"/>
    <property name="path.separator" value=";"/>
    <property name="os.version" value="10.0"/>
    <property name="java.runtime.name" value="OpenJDK Runtime Environment"/>
    <property name="file.encoding" value="GBK"/>
    <property name="java.vm.name" value="OpenJDK 64-Bit Server VM"/>
    <property name="java.vendor.version" value="Corretto-17.0.9.8.1"/>
    <property name="localRepository" value="D:\repository"/>
    <property name="java.vendor.url.bug" value="https://github.com/corretto/corretto-17/issues/"/>
    <property name="java.io.tmpdir" value="C:\Users\HONOR\AppData\Local\Temp\"/>
    <property name="idea.version" value="2022.1.3"/>
    <property name="java.version" value="17.0.9"/>
    <property name="user.dir" value="D:\idea_project\springboot-headline-part"/>
    <property name="os.arch" value="amd64"/>
    <property name="java.vm.specification.name" value="Java Virtual Machine Specification"/>
    <property name="sun.os.patch.level" value=""/>
    <property name="native.encoding" value="GBK"/>
    <property name="java.library.path" value="C:\Users\HONOR\.jdks\corretto-17.0.9\bin;C:\WINDOWS\Sun\Java\bin;C:\WINDOWS\system32;C:\WINDOWS;C:\Program Files\Common Files\Oracle\Java\javapath;D:\VMware\bin\;C:\WINDOWS\system32;C:\WINDOWS;C:\WINDOWS\System32\Wbem;C:\WINDOWS\System32\WindowsPowerShell\v1.0\;C:\WINDOWS\System32\OpenSSH\;D:\JAVA_JAR\java17\bin;D:\JAVA_JAR\java17\jre\bin;E:\mysql-8.0.29-winx64\bin;D:\opencv460\opencv\build\x64\vc15\bin;D:\opencv460\opencv\build\x64\vc15\lib;C:\Program Files\Git\cmd;E:\Xshell\;E:\Xftp\;C:\Program Files\Vagrant\bin;D:\apache-maven-3.6.3-bin\apache-maven-3.6.3\bin;D:\JAVA_JAR\apache-tomcat-10.1.17bin;D:\JAVA_JAR\node\;D:\ANOCONDA;D:\ANOCONDA\Library\mingw-w64\bin;D:\ANOCONDA\Library\usr\bin;D:\ANOCONDA\Library\bin;D:\ANOCONDA\Scripts;C:\Users\HONOR\AppData\Local\Microsoft\WindowsApps;C:\Users\HONOR\AppData\Local\Programs\Microsoft VS Code\bin;C:\Users\HONOR\AppData\Roaming\npm;."/>
    <property name="java.vm.info" value="mixed mode, sharing"/>
    <property name="java.vendor" value="Amazon.com Inc."/>
    <property name="java.vm.version" value="17.0.9+8-LTS"/>
    <property name="sun.io.unicode.encoding" value="UnicodeLittle"/>
    <property name="java.class.version" value="61.0"/>
  </properties>
  <testcase name="test" classname="com.atguigu.test.JwtTest" time="2.057"/>
</testsuite>